2025-06-25 15:15:29,502 - ERROR - error in DelPrd: The joined path (/files/images/thinkpadt480.png) is located outside of the base path component (/home/hamed/Documents/Kologram/backend/media)
2025-06-25 15:16:59,625 - ERROR - error in DelPrd: The joined path (/files/images/thinkpadt480.png) is located outside of the base path component (/home/hamed/Documents/Kologram/backend/media)
2025-06-25 15:18:15,583 - ERROR - error in DelPrd: The joined path (/files/images/thinkpadt480.png) is located outside of the base path component (/home/hamed/Documents/Kologram/backend/media)
2025-06-29 15:28:03,115 - ERROR - error in AddProductComment: 'tuple' object has no attribute 'text'
2025-06-29 15:29:26,837 - ERROR - error in AddProductComment: 'tuple' object has no attribute 'text'
2025-07-12 14:22:53,197 - ERROR - error in AddPrd: 'condition'
2025-07-12 14:23:52,257 - ERROR - error in AddPrd: 'condition'
2025-07-13 16:08:07,539 - ERROR - error in AddProductComment: Field 'id' expected a number but got <django.contrib.auth.models.AnonymousUser object at 0x7512326293d0>.
2025-07-13 16:27:39,468 - ERROR - error in AddPrd: 'category'
2025-07-13 16:28:23,369 - ERROR - error in AddPrd: 'category'
2025-07-13 16:28:59,258 - ERROR - error in AddPrd: 'category'
2025-07-15 17:07:41,295 - ERROR - error in search_products: integer division or modulo by zero
2025-07-15 17:30:44,262 - ERROR - error in GetPrdComment: Field 'id' expected a number but got 'undefined'.
2025-07-15 17:30:44,282 - ERROR - error in get_products: invalid literal for int() with base 10: 'undefined'
2025-07-17 11:04:25,787 - ERROR - error in search_products: Negative indexing is not supported.
2025-07-19 16:56:55,178 - ERROR - error in search_products: Cannot resolve keyword 'discription' into field. Choices are: category, condition, created_at, currency_type, description, digital_file, download_count, file_format, file_size, id, image, is_free, license_type, name, price, productcomment, productincart, productstars, stars, tags, updated_at, user, user_id
2025-07-19 16:57:41,733 - ERROR - error in search_products: Cannot resolve keyword 'discription' into field. Choices are: category, condition, created_at, currency_type, description, digital_file, download_count, file_format, file_size, id, image, is_free, license_type, name, price, productcomment, productincart, productstars, stars, tags, updated_at, user, user_id
2025-07-19 16:58:41,188 - ERROR - error in search_products: Cannot resolve keyword 'discription' into field. Choices are: category, condition, created_at, currency_type, description, digital_file, download_count, file_format, file_size, id, image, is_free, license_type, name, price, productcomment, productincart, productstars, stars, tags, updated_at, user, user_id
2025-07-19 17:16:35,130 - ERROR - error in get_products: 'Product' object has no attribute 'discription'
2025-07-19 17:16:35,587 - ERROR - error in get_products: 'Product' object has no attribute 'discription'
2025-07-19 17:18:50,796 - ERROR - error in get_products: 'Product' object has no attribute 'discription'
